<?xml version="1.0" encoding="UTF-8"?>
<coverage generated="1739864727828" clover="3.2.0">
  <project timestamp="1739864727828" name="All files">
    <metrics statements="5" coveredstatements="5" conditionals="0" coveredconditionals="0" methods="1" coveredmethods="1" elements="6" coveredelements="6" complexity="0" loc="5" ncloc="5" packages="1" files="1" classes="1"/>
    <file name="vpc-stack.ts" path="/Users/taichi/Documents/GitHub/aws-cloudformation-sample/example/vpc/lib/vpc-stack.ts">
      <metrics statements="5" coveredstatements="5" conditionals="0" coveredconditionals="0" methods="1" coveredmethods="1"/>
      <line num="1" count="1" type="stmt"/>
      <line num="15" count="1" type="stmt"/>
      <line num="17" count="3" type="stmt"/>
      <line num="19" count="3" type="stmt"/>
      <line num="22" count="3" type="stmt"/>
    </file>
  </project>
</coverage>
