{"/Users/taichi/Documents/GitHub/aws-cloudformation-sample/example/vpc/lib/vpc-stack.ts": {"path":"/Users/taichi/Documents/GitHub/aws-cloudformation-sample/example/vpc/lib/vpc-stack.ts","statementMap":{"0":{"start":{"line":1,"column":0},"end":{"line":1,"column":35}},"1":{"start":{"line":17,"column":4},"end":{"line":17,"column":28}},"2":{"start":{"line":19,"column":4},"end":{"line":19,"column":50}},"3":{"start":{"line":22,"column":16},"end":{"line":43,"column":6}},"4":{"start":{"line":15,"column":0},"end":{"line":15,"column":13}}},"fnMap":{"0":{"name":"(anonymous_0)","decl":{"start":{"line":16,"column":2},"end":{"line":16,"column":14}},"loc":{"start":{"line":16,"column":64},"end":{"line":44,"column":3}}}},"branchMap":{},"s":{"0":1,"1":3,"2":3,"3":3,"4":1},"f":{"0":3},"b":{}}
}
