{"/Users/taichi/Documents/GitHub/aws-cloudformation-sample/example/restricted-access-ssm/lib/restricted-access-ssm-stack.ts": {"path":"/Users/taichi/Documents/GitHub/aws-cloudformation-sample/example/restricted-access-ssm/lib/restricted-access-ssm-stack.ts","statementMap":{"0":{"start":{"line":1,"column":0},"end":{"line":1,"column":35}},"1":{"start":{"line":21,"column":4},"end":{"line":21,"column":28}},"2":{"start":{"line":23,"column":4},"end":{"line":23,"column":50}},"3":{"start":{"line":26,"column":16},"end":{"line":47,"column":6}},"4":{"start":{"line":49,"column":21},"end":{"line":51,"column":6}},"5":{"start":{"line":53,"column":20},"end":{"line":56,"column":6}},"6":{"start":{"line":58,"column":20},"end":{"line":65,"column":6}},"7":{"start":{"line":67,"column":24},"end":{"line":93,"column":6}},"8":{"start":{"line":95,"column":27},"end":{"line":95,"column":105}},"9":{"start":{"line":97,"column":22},"end":{"line":128,"column":6}},"10":{"start":{"line":15,"column":0},"end":{"line":15,"column":13}}},"fnMap":{"0":{"name":"(anonymous_0)","decl":{"start":{"line":16,"column":2},"end":{"line":16,"column":null}},"loc":{"start":{"line":19,"column":40},"end":{"line":129,"column":3}}}},"branchMap":{},"s":{"0":1,"1":1,"2":1,"3":1,"4":1,"5":1,"6":1,"7":1,"8":1,"9":1,"10":1},"f":{"0":1},"b":{}}
}
