<?xml version="1.0" encoding="UTF-8"?>
<coverage generated="1739789726368" clover="3.2.0">
  <project timestamp="1739789726368" name="All files">
    <metrics statements="18" coveredstatements="18" conditionals="2" coveredconditionals="2" methods="1" coveredmethods="1" elements="21" coveredelements="21" complexity="0" loc="18" ncloc="18" packages="1" files="1" classes="1"/>
    <file name="cloudfront-s3-oac-stack.ts" path="/Users/taichi/Documents/GitHub/aws-cloudformation-sample/example/cloudfront-s3-oac/lib/cloudfront-s3-oac-stack.ts">
      <metrics statements="18" coveredstatements="18" conditionals="2" coveredconditionals="2" methods="1" coveredmethods="1"/>
      <line num="1" count="1" type="stmt"/>
      <line num="18" count="1" type="stmt"/>
      <line num="20" count="8" type="stmt"/>
      <line num="22" count="8" type="stmt"/>
      <line num="31" count="8" type="stmt"/>
      <line num="40" count="8" type="stmt"/>
      <line num="55" count="8" type="stmt"/>
      <line num="62" count="8" type="stmt"/>
      <line num="64" count="8" type="cond" truecount="1" falsecount="0"/>
      <line num="65" count="1" type="stmt"/>
      <line num="70" count="1" type="stmt"/>
      <line num="76" count="8" type="stmt"/>
      <line num="111" count="8" type="cond" truecount="1" falsecount="0"/>
      <line num="113" count="1" type="stmt"/>
      <line num="119" count="1" type="stmt"/>
      <line num="137" count="1" type="stmt"/>
      <line num="146" count="1" type="stmt"/>
      <line num="155" count="1" type="stmt"/>
    </file>
  </project>
</coverage>
