{"/Users/taichi/Documents/GitHub/aws-cloudformation-sample/example/cloudfront-s3-oac/lib/cloudfront-s3-oac-stack.ts": {"path":"/Users/taichi/Documents/GitHub/aws-cloudformation-sample/example/cloudfront-s3-oac/lib/cloudfront-s3-oac-stack.ts","statementMap":{"0":{"start":{"line":1,"column":0},"end":{"line":1,"column":35}},"1":{"start":{"line":20,"column":4},"end":{"line":20,"column":28}},"2":{"start":{"line":22,"column":19},"end":{"line":29,"column":6}},"3":{"start":{"line":31,"column":29},"end":{"line":37,"column":null}},"4":{"start":{"line":40,"column":25},"end":{"line":52,"column":4}},"5":{"start":{"line":55,"column":6},"end":{"line":59,"column":null}},"6":{"start":{"line":62,"column":26},"end":{"line":62,"column":28}},"7":{"start":{"line":64,"column":4},"end":{"line":74,"column":5}},"8":{"start":{"line":65,"column":26},"end":{"line":68,"column":null}},"9":{"start":{"line":70,"column":6},"end":{"line":73,"column":8}},"10":{"start":{"line":76,"column":28},"end":{"line":108,"column":null}},"11":{"start":{"line":111,"column":4},"end":{"line":156,"column":5}},"12":{"start":{"line":113,"column":8},"end":{"line":116,"column":null}},"13":{"start":{"line":119,"column":35},"end":{"line":134,"column":null}},"14":{"start":{"line":137,"column":6},"end":{"line":144,"column":8}},"15":{"start":{"line":146,"column":6},"end":{"line":153,"column":8}},"16":{"start":{"line":155,"column":6},"end":{"line":155,"column":68}},"17":{"start":{"line":18,"column":0},"end":{"line":18,"column":13}}},"fnMap":{"0":{"name":"(anonymous_0)","decl":{"start":{"line":19,"column":2},"end":{"line":19,"column":14}},"loc":{"start":{"line":19,"column":76},"end":{"line":157,"column":3}}}},"branchMap":{"0":{"loc":{"start":{"line":64,"column":4},"end":{"line":74,"column":5}},"type":"if","locations":[{"start":{"line":64,"column":4},"end":{"line":74,"column":5}}]},"1":{"loc":{"start":{"line":111,"column":4},"end":{"line":156,"column":5}},"type":"if","locations":[{"start":{"line":111,"column":4},"end":{"line":156,"column":5}}]}},"s":{"0":1,"1":8,"2":8,"3":8,"4":8,"5":8,"6":8,"7":8,"8":1,"9":1,"10":8,"11":8,"12":1,"13":1,"14":1,"15":1,"16":1,"17":1},"f":{"0":8},"b":{"0":[1],"1":[1]}}
}
